东风	lw
何处	xq
人间	s
风流	s
归去	vr
春风	s
相思	vw
西风	lw
归来	vr
江南	ll
梅花	lp
千里	tl
明月	ln
多少	xq
回首	tp
如今	tn
阑干	h
年年	t
万里	d
一笑	ee
黄昏	ld
当年	tp
天涯	tl
相逢	vd
一枝	lp
芳草	lp
尊前	w
故人	s
风雨	lw
流水	ll
风吹	lw
依旧	tp
风月	lw
多情	en
当时	tp
无人	s
斜阳	ld
不知	xn
不见	xn
深处	xx
时节	tw
春色	lp
平生	tp
凄凉	ee
功名	s
匆匆	xx
天上	lx
一点	xx
无限	xx
今日	tn
杨柳	lp
扁舟	xx
西湖	ll
桃花	lp
消息	s
芙蓉	lp
神仙	xx
憔悴	en
何事	xq
桃李	lp
一片	xx
黄花	lp
人生	s
十分	xx
心事	en
佳人	s
长安	s
一声	a
鸳鸯	la
东君	s
而今	tn
断肠	en
蓬莱	xx
海棠	lp
为谁	xq
富贵	s
少年	tp
去年	tp
无情	en
不是	xn
时候	tx
十年	tx
昨夜	ln
肠断	en
寂寞	en
行人	s
谁知	xq
今夜	ln
江上	ll
一曲	a
不似	xn
悠悠	tl
天气	lw
何时	xq
几度	xq
青山	ll
惟有	xl
往事	tp
月明	ln
笙歌	a
如何	xq
清明	lw
人在	s
无数	xx
燕子	al
落花	lp
明年	tn
千古	tp
一番	xx
精神	en
梨花	lp
今年	tn
垂杨	lp
思量	s
十里	tl
江山	ll
何人	xq
有人	s
年时	tx
帘幕	h
如此	xx
春归	vr
十二	xx
几时	xq
如许	xx
明朝	tn
秋风	lw
夕阳	ld
清风	lw
记得	s
缥缈	xx
盈盈	xx
相对	xx
无语	xn
风露	lw
不须	xn
只有	xl
酒醒	w
从今	tn
风光	ll
花开	lp
庭院	h
不堪	xn
今朝	tn
分明	xx
又是	xx
殷勤	s
不如	xn
依然	xl
倚阑	h
今宵	ln
夜来	ln
行云	lx
旧时	tp
只恐	xl
歌舞	a
秋千	h
长生	xx
自有	xl
携手	s
春来	lw
花前	lp
花飞	lp
金缕	s
何妨	xq
一夜	ln
黄金	s
相见	vd
可怜	s
年少	tp
寒食	lw
朱颜	s
几许	xq
烟雨	lw
先生	s
别后	vd
萧萧	xx
乾坤	lx
无奈	xn
珠帘	h
明日	tn
重阳	lw
夜深	ln
花枝	lp
谁家	xq
等闲	vw
今古	tx
和气	s
人去	s
门外	h
楼台	h
来时	tp
不管	xn
一年	tx
深院	h
徘徊	vw
重来	tp
文章	a
一杯	w
白发	tl
有谁	xq
春光	lw
暗香	lp
付与	xx
瑶池	w
容易	xx
年华	tp
登临	h
惆怅	en
楼上	h
月下	ln
不到	xn
玉人	s
纷纷	xx
飞絮	lp
不成	xn
飞来	vx
赢得	vx
春寒	lw
不住	xn
无言	xn
几番	xx
归路	vr
帘卷	h
把酒	w
梦里	ed
芳菲	lp
南枝	lp
试问	xq
从来	tx
中秋	lw
一时	tx
第一	xx
池塘	ll
清香	lp
青青	lp
碧云	lx
还是	tl
歌声	a
重重	xx
杨花	lp
胭脂	s
知何	xq
此时	tn
人家	s
红尘	s
世间	s
无处	xn
岁岁	tx
蟠桃	lp
千年	tl
南北	tx
何似	xq
花影	tp
一醉	w
知道	xx
无计	xn
枝上	tp
暮云	lx
烟水	ll
何须	xq
枝头	lp
又还	vr
扬州	ll
春去	lw
万事	s
百年	lt
芳心	s
应是	xl
杏花	lp
细雨	lw
老去	tl
睡起	ed
主人	s
日日	xx
何如	xq
画堂	xx
琵琶	a
瑶台	a
凭阑	h
薰风	lw
千岁	tl
参差	
无穷	
老子	
雨过	
花慢	
江湖	
风前	
高楼	
江头	
疏影	
秋色	lw
从此	
那堪	
与君	
婵娟	ln
梦魂	ed
凭谁	
谁与	
潇洒	
不尽	
使君	
不用	
春意	lw
如水	
南山	ll
深深	xx
不禁	xn
园林	h
说与	vx
离愁	ee
阳关	vr
旧游	vr
光阴	tx
过了	tp
何日	xq
落日	ld
天地	lx
沈沈	xx
情怀	en
千万	xx
总是	xl
满地	xx
霓裳	a
醉里	w
凌波	ll
好是	xx
翠袖	a
梦回	ed
闲愁	en
梦断	ed
清歌	a
笑语	ee
行乐	vx
今夕	tn
秋水	lw
人人	xx
目断	vw
绿阴	lp
潇湘	ll
花落	lp
梦中	ed
当日	tn
东篱	tx
长亭	tx
年来	tn
江梅	lp
乐事	en
秋光	lw
一尊	w
广寒	ln
南浦	tx
画楼	h
梧桐	lp
依依	xx
看取	vx
英雄	s
小楼	h
别离	vd
为君	s
独倚	xs
独自	xs
未老	tn
知否	xq
霜天	lw
飞去	vx
何许	xq
情绪	en
帘栊	h
灯火	h
凝伫	vw
人归	vr
花下	lp
厌厌	xx
双燕	la
向人	s
飘零	lp
小窗	h
西楼	h
点点	x
风味	v
日月	lx
太平	xx
一叶	lp
人物	s
山中	ll
别来	vd
远山	ll
何在	xx
三十	xx
新妆	s
几回	xx
依约	s
谈笑	s
数声	xx
佳期	s
唤起	vx
犹记	tp
万顷	tl
此际	xx
轻寒	lw
无力	xn
见说	xx
晚来	ld
玉堂	xx
犹未	xn
新来	xx
真个	xx
怅望	ee
人何	s
自是	xx
不断	xn
牡丹	lp
天香	lp
春事	s
桃源	lx
无心	xn
晓来	xx
须信	xx
留连	vr
云深	lx
归期	vr
谁能	xq
夜月	ln
闻道	vx
华发	tl
特地	xx
玲珑	xx
千载	tl
别有	xn
绿杨	lp
回头	vr
花时	lp
此意	xx
漠漠	lx
飞花	lp
满眼	xx
迢迢	xx
一春	lw
疑是	xq
浮云	lx
故园	vr
天然	lx
人情	en
脉脉	ee
犹有	xl
何曾	xn
银河	lx
烟波	ll
隐隐	xx
天风	lw
正是	xl
君王	s
来无	xn
日暮	ld
可惜	xn
良辰	s
疏雨	lw
水边	ll
三月	lw
为我	s
寻芳	lp
此情	en
不道	xn
五湖	lx
鸥鹭	la
去后	vd
天下	lx
天晓	tx
丹青	a
清晓	tx
银烛	ln
旧日	tp
渺渺	
沈醉	w
都是	
归时	
冉冉	
五云	
不胜	
从容	
花底	
风细	lw
几多	xx
西园	h
香雾	lx
天际	tl
人知	s
家山	ll
百花	lp
教人	s
青春	lw
莺声	la
零落	xx
绿鬓	s
修竹	lp
临水	ll
二十	xx
尽日	ld
月华	ln
新月	ln
新愁	en
伤春	lw
茫茫	tl
阳春	lw
横斜	ld
看花	lp
白云	lx
春梦	lw
山色	ll
人世	s
香风	lp
离别	vd
月上	ln
古今	tl
心情	en
荷花	lp
许多	xx
休问	xn
著意	en
水云	lw
不老	xx
冷落	lw
日长	xx
朝来	tn
去也	xx
不妨	xx
初度	xx
更无	xn
院落	xx
美人	s
花间	lp
玉楼	h
望断	vw
微雨	lw
春	lw
咫尺	lw
新声	a
夜雨	ln
新词	a
醉乡	w
世事	s
游人	s
草草	xx
罗衣	
夜寒	ln
残红	lp
袅袅	
风里	lw
满城	s
朱户	h
犹自	
此去	
欢声	en
看看	
老人	
有时	
多时	
屏山	ll
春水	ll
影里	ll
老来	tl
娥	s
长是	tl
难忘	vx
清夜	ln
犹在	xl
秋声	lw
关山	ll
重见	vd
一梦	ed
好在	xx
独立	xs
岁晚	
湖山	ll
窈窕	
风景	ll
千金	
无端	xn
仙子	
一段	
春愁	ee
尘埃	
斜日	ld
留春	lw
又何	xq
屈指	
绣帘	
幽香	
南楼	h
青楼	s
溪上	ll
此日	tn
老矣	
岁寒	
风清	
花深	
自古	
凉生	
花阴	
云飞	
两三	
长江	ll
一天	
与谁	
玉壶	
东西	
千秋	
留得	
纤手	
绿窗	
红妆	
人道	
如梦	
人如	
消得	
玉树	
依稀	
画桥	
春衫	
更有	
他年	
相将	
云雨	
吹箫	
一般	
小春	
天公	
声声	
晚风	
琉璃	
伤心	
零乱	
前村	
颜色	
谁同	xq
杜鹃	
年春	
谁为	xq
云山	lx
未了	
谪仙	
愁无	
极目	
无际	
个人	
升平	
能几	
人意	
淡月	
人来	
莫教	
清绝	
门前	h
来风	lw
寻常	
临风	
工夫	
断魂	
眼前	
陌上	
小院	h
花香	
雪里	
处处	
离恨	
帘外	
彩云	
声甘	
花满	
红叶	
太守	s
酴	
儿女	
游戏	en
惊起	vx
离情	ee
王孙	s
箫鼓	a
乘兴	vx
佳气	xx
岁月	tx
登高	h
有意	en
安排	vx
楼外	h
想见	vx
西山	ll
繁华	xx
相看	vx
流莺	la
不能	xn
莺啼	la
起舞	a
小桥	h
欢娱	en
香满	lp
来往	vr
醉倒	w
杯酒	w
晓角	xx
孤山	ll
花如	lp
踪迹	xx
兰舟	xx
清浅	xx
韶华	tx
无定	xn
载酒	w
孤负	en
有情	en
锦绣	lp